#
# There is insufficient memory for the Java Runtime Environment to continue.
# Native memory allocation (malloc) failed to allocate 187056 bytes for Chunk::new
# Possible reasons:
#   The system is out of physical RAM or swap space
#   The process is running with CompressedOops enabled, and the Java Heap may be blocking the growth of the native heap
# Possible solutions:
#   Reduce memory load on the system
#   Increase physical memory or swap space
#   Check if swap backing store is full
#   Decrease Java heap size (-Xmx/-Xms)
#   Decrease number of Java threads
#   Decrease Java thread stack sizes (-Xss)
#   Set larger code cache with -XX:ReservedCodeCacheSize=
#   JVM is running with Zero Based Compressed Oops mode in which the Java heap is
#     placed in the first 32GB address space. The Java Heap base address is the
#     maximum limit for the native heap growth. Please use -XX:HeapBaseMinAddress
#     to set the Java Heap base and to place the Java Heap above 32GB virtual address.
# This output file may be truncated or incomplete.
#
#  Out of Memory Error (allocation.cpp:390), pid=34368, tid=0x0000000000001d48
#
# JRE version: Java(TM) SE Runtime Environment (8.0_201-b09) (build 1.8.0_201-b09)
# Java VM: Java HotSpot(TM) 64-Bit Server VM (25.201-b09 mixed mode windows-amd64 compressed oops)
# Failed to write core dump. Minidumps are not enabled by default on client versions of Windows
#

---------------  T H R E A D  ---------------

Current thread (0x000000001e928000):  JavaThread "C2 CompilerThread1" daemon [_thread_in_native, id=7496, stack(0x000000001f080000,0x000000001f180000)]

Stack: [0x000000001f080000,0x000000001f180000]
[error occurred during error reporting (printing stack bounds), id 0xc0000005]

Native frames: (J=compiled Java code, j=interpreted, Vv=VM code, C=native code)


Current CompileTask:
C2:   9246 1347       4       sun.misc.ProxyGenerator$ConstantPool::getValue (91 bytes)


---------------  P R O C E S S  ---------------

Java Threads: ( => current thread )
  0x00000000201a3800 JavaThread "WebSocketWriteThread-17" [_thread_blocked, id=23024, stack(0x0000000021750000,0x0000000021850000)]
  0x0000000020368800 JavaThread "WebSocketConnectReadThread-16" [_thread_in_Java, id=29564, stack(0x0000000021650000,0x0000000021750000)]
  0x000000001fb3c000 JavaThread "mysql-cj-abandoned-connection-cleanup" daemon [_thread_blocked, id=5928, stack(0x000000001fd80000,0x000000001fe80000)]
  0x000000001e9ca800 JavaThread "Service Thread" daemon [_thread_blocked, id=18292, stack(0x000000001f380000,0x000000001f480000)]
  0x000000001e92e000 JavaThread "C1 CompilerThread3" daemon [_thread_in_vm, id=7632, stack(0x000000001f280000,0x000000001f380000)]
  0x000000001e92d000 JavaThread "C2 CompilerThread2" daemon [_thread_in_native, id=22544, stack(0x000000001f180000,0x000000001f280000)]
=>0x000000001e928000 JavaThread "C2 CompilerThread1" daemon [_thread_in_native, id=7496, stack(0x000000001f080000,0x000000001f180000)]
  0x000000001e927800 JavaThread "C2 CompilerThread0" daemon [_thread_in_native, id=30300, stack(0x000000001ef80000,0x000000001f080000)]
  0x000000001e902800 JavaThread "Monitor Ctrl-Break" daemon [_thread_in_native, id=9000, stack(0x000000001ee80000,0x000000001ef80000)]
  0x000000001c8c9000 JavaThread "Attach Listener" daemon [_thread_blocked, id=25264, stack(0x000000001ed80000,0x000000001ee80000)]
  0x000000001c8c8000 JavaThread "Signal Dispatcher" daemon [_thread_blocked, id=5084, stack(0x000000001ec80000,0x000000001ed80000)]
  0x0000000002eab800 JavaThread "Finalizer" daemon [_thread_blocked, id=36268, stack(0x000000001eb80000,0x000000001ec80000)]
  0x000000001e6a0800 JavaThread "Reference Handler" daemon [_thread_blocked, id=36680, stack(0x000000001ea80000,0x000000001eb80000)]
  0x0000000002db4000 JavaThread "main" [_thread_blocked, id=31948, stack(0x0000000002a40000,0x0000000002b40000)]

Other Threads:
  0x000000001c8ba800 VMThread [stack: 0x000000001e580000,0x000000001e680000] [id=20016]
  0x000000001ea0a800 WatcherThread [stack: 0x000000001f480000,0x000000001f580000] [id=26784]

VM state:not at safepoint (normal execution)

VM Mutex/Monitor currently owned by a thread:  ([mutex/lock_event])
[0x0000000002db1160] Compile_lock - owner thread: 0x0000000000000000

heap address: 0x00000006c1e00000, size: 4066 MB, Compressed Oops mode: Zero based, Oop shift amount: 3
Narrow klass base: 0x0000000000000000, Narrow klass shift: 3
Compressed class space size: 1073741824 Address: 0x00000007c0000000

Heap:
 PSYoungGen      total 76288K, used 60277K [0x000000076b500000, 0x0000000770a00000, 0x00000007c0000000)
  eden space 65536K, 77% used [0x000000076b500000,0x000000076e699a60,0x000000076f500000)
  from space 10752K, 88% used [0x000000076f500000,0x000000076fe43a40,0x000000076ff80000)
  to   space 10752K, 0% used [0x000000076ff80000,0x000000076ff80000,0x0000000770a00000)
 ParOldGen       total 175104K, used 88K [0x00000006c1e00000, 0x00000006cc900000, 0x000000076b500000)
  object space 175104K, 0% used [0x00000006c1e00000,0x00000006c1e16028,0x00000006cc900000)
 Metaspace       used 20119K, capacity 20400K, committed 20736K, reserved 1067008K
  class space    used 2397K, capacity 2474K, committed 2560K, reserved 1048576K

Card table byte_map: [0x0000000012270000,0x0000000012a70000] byte_map_base: 0x000000000ec61000

Marking Bits: (ParMarkBitMap*) 0x0000000059f94ce0
 Begin Bits: [0x00000000137c0000, 0x0000000017748000)
 End Bits:   [0x0000000017748000, 0x000000001b6d0000)

Polling page: 0x00000000009f0000

CodeCache: size=245760Kb used=4588Kb max_used=4588Kb free=241171Kb
 bounds [0x0000000002eb0000, 0x0000000003330000, 0x0000000011eb0000]
 total_blobs=1798 nmethods=1379 adapters=331
 compilation: enabled

Compilation events (10 events):
Event: 9.243 Thread 0x000000001e92e000 nmethod 1355 0x000000000331c9d0 code [0x000000000331cb40, 0x000000000331ce48]
Event: 9.243 Thread 0x000000001e92e000 1353       3       com.fasterxml.jackson.databind.introspect.POJOPropertyBuilder::getName (19 bytes)
Event: 9.243 Thread 0x000000001e92e000 nmethod 1353 0x000000000331cf10 code [0x000000000331d080, 0x000000000331d270]
Event: 9.243 Thread 0x000000001e92e000 1354       1       java.lang.reflect.Constructor::getSignature (5 bytes)
Event: 9.243 Thread 0x000000001e92e000 nmethod 1354 0x000000000331d310 code [0x000000000331d460, 0x000000000331d570]
Event: 9.243 Thread 0x000000001e92e000 1356       3       com.fasterxml.jackson.databind.deser.SettableBeanProperty::getName (8 bytes)
Event: 9.243 Thread 0x000000001e92e000 nmethod 1356 0x000000000331d5d0 code [0x000000000331d720, 0x000000000331d8b0]
Event: 9.243 Thread 0x000000001e92e000 1357       3       com.fasterxml.jackson.databind.introspect.JacksonAnnotationIntrospector::findViews (26 bytes)
Event: 9.243 Thread 0x000000001e92e000 nmethod 1357 0x000000000331d950 code [0x000000000331dae0, 0x000000000331dff8]
Event: 9.243 Thread 0x000000001e92e000 1358       3       com.fasterxml.jackson.databind.introspect.POJOPropertyBuilder::getField (151 bytes)

GC Heap History (2 events):
Event: 1.137 GC heap before
{Heap before GC invocations=1 (full 0):
 PSYoungGen      total 76288K, used 65536K [0x000000076b500000, 0x0000000770a00000, 0x00000007c0000000)
  eden space 65536K, 100% used [0x000000076b500000,0x000000076f500000,0x000000076f500000)
  from space 10752K, 0% used [0x000000076ff80000,0x000000076ff80000,0x0000000770a00000)
  to   space 10752K, 0% used [0x000000076f500000,0x000000076f500000,0x000000076ff80000)
 ParOldGen       total 175104K, used 0K [0x00000006c1e00000, 0x00000006cc900000, 0x000000076b500000)
  object space 175104K, 0% used [0x00000006c1e00000,0x00000006c1e00000,0x00000006cc900000)
 Metaspace       used 14461K, capacity 14668K, committed 14976K, reserved 1062912K
  class space    used 1723K, capacity 1814K, committed 1920K, reserved 1048576K
Event: 1.143 GC heap after
Heap after GC invocations=1 (full 0):
 PSYoungGen      total 76288K, used 9486K [0x000000076b500000, 0x0000000770a00000, 0x00000007c0000000)
  eden space 65536K, 0% used [0x000000076b500000,0x000000076b500000,0x000000076f500000)
  from space 10752K, 88% used [0x000000076f500000,0x000000076fe43a40,0x000000076ff80000)
  to   space 10752K, 0% used [0x000000076ff80000,0x000000076ff80000,0x0000000770a00000)
 ParOldGen       total 175104K, used 88K [0x00000006c1e00000, 0x00000006cc900000, 0x000000076b500000)
  object space 175104K, 0% used [0x00000006c1e00000,0x00000006c1e16028,0x00000006cc900000)
 Metaspace       used 14461K, capacity 14668K, committed 14976K, reserved 1062912K
  class space    used 1723K, capacity 1814K, committed 1920K, reserved 1048576K
}

Deoptimization events (10 events):
Event: 3.079 Thread 0x0000000002db4000 Uncommon trap: reason=bimorphic action=maybe_recompile pc=0x000000000322ee54 method=java.util.HashMap.putVal(ILjava/lang/Object;Ljava/lang/Object;ZZ)Ljava/lang/Object; @ 203
Event: 3.148 Thread 0x0000000002db4000 Uncommon trap: reason=unstable_if action=reinterpret pc=0x000000000327b794 method=java.util.concurrent.ConcurrentHashMap$ValuesView.spliterator()Ljava/util/Spliterator; @ 16
Event: 3.148 Thread 0x0000000002db4000 Uncommon trap: reason=unstable_if action=reinterpret pc=0x0000000003279100 method=java.util.concurrent.ConcurrentHashMap$Traverser.advance()Ljava/util/concurrent/ConcurrentHashMap$Node; @ 33
Event: 3.148 Thread 0x0000000002db4000 Uncommon trap: reason=unstable_if action=reinterpret pc=0x000000000327d29c method=java.util.ArrayList.isEmpty()Z @ 4
Event: 3.148 Thread 0x0000000002db4000 Uncommon trap: reason=unstable_if action=reinterpret pc=0x000000000327aa24 method=java.util.concurrent.ConcurrentHashMap$Traverser.advance()Ljava/util/concurrent/ConcurrentHashMap$Node; @ 33
Event: 3.148 Thread 0x0000000002db4000 Uncommon trap: reason=unstable_if action=reinterpret pc=0x0000000003273b94 method=java.util.ArrayList.isEmpty()Z @ 4
Event: 9.154 Thread 0x0000000002db4000 Uncommon trap: reason=class_check action=maybe_recompile pc=0x0000000003210ce8 method=java.util.concurrent.ConcurrentHashMap.putVal(Ljava/lang/Object;Ljava/lang/Object;Z)Ljava/lang/Object; @ 192
Event: 9.154 Thread 0x0000000002db4000 Uncommon trap: reason=class_check action=maybe_recompile pc=0x0000000003210ce8 method=java.util.concurrent.ConcurrentHashMap.putVal(Ljava/lang/Object;Ljava/lang/Object;Z)Ljava/lang/Object; @ 192
Event: 9.230 Thread 0x0000000020368800 Uncommon trap: reason=unstable_if action=reinterpret pc=0x00000000032df660 method=com.fasterxml.jackson.databind.introspect.AnnotationMap.get(Ljava/lang/Class;)Ljava/lang/annotation/Annotation; @ 4
Event: 9.233 Thread 0x0000000020368800 Uncommon trap: reason=unstable_if action=reinterpret pc=0x00000000032ac7d4 method=java.util.concurrent.ConcurrentHashMap.putVal(Ljava/lang/Object;Ljava/lang/Object;Z)Ljava/lang/Object; @ 331

Classes redefined (0 events):
No events

Internal exceptions (10 events):
Event: 0.719 Thread 0x0000000002db4000 Exception <a 'java/lang/NoSuchFieldError': method resolution failed> (0x000000076d21a290) thrown at [C:\re\workspace\8-2-build-windows-amd64-cygwin\jdk8u201\12322\hotspot\src\share\vm\prims\methodHandles.cpp, line 1167]
Event: 2.334 Thread 0x0000000002db4000 Exception <a 'sun/nio/fs/WindowsException'> (0x000000076c904c18) thrown at [C:\re\workspace\8-2-build-windows-amd64-cygwin\jdk8u201\12322\hotspot\src\share\vm\prims\jni.cpp, line 709]
Event: 2.334 Thread 0x0000000002db4000 Exception <a 'sun/nio/fs/WindowsException'> (0x000000076c905108) thrown at [C:\re\workspace\8-2-build-windows-amd64-cygwin\jdk8u201\12322\hotspot\src\share\vm\prims\jni.cpp, line 709]
Event: 2.334 Thread 0x0000000002db4000 Exception <a 'sun/nio/fs/WindowsException'> (0x000000076c908f58) thrown at [C:\re\workspace\8-2-build-windows-amd64-cygwin\jdk8u201\12322\hotspot\src\share\vm\prims\jni.cpp, line 709]
Event: 2.334 Thread 0x0000000002db4000 Exception <a 'sun/nio/fs/WindowsException'> (0x000000076c909670) thrown at [C:\re\workspace\8-2-build-windows-amd64-cygwin\jdk8u201\12322\hotspot\src\share\vm\prims\jni.cpp, line 709]
Event: 2.334 Thread 0x0000000002db4000 Exception <a 'sun/nio/fs/WindowsException'> (0x000000076c909db0) thrown at [C:\re\workspace\8-2-build-windows-amd64-cygwin\jdk8u201\12322\hotspot\src\share\vm\prims\jni.cpp, line 709]
Event: 2.334 Thread 0x0000000002db4000 Exception <a 'sun/nio/fs/WindowsException'> (0x000000076c90a4a8) thrown at [C:\re\workspace\8-2-build-windows-amd64-cygwin\jdk8u201\12322\hotspot\src\share\vm\prims\jni.cpp, line 709]
Event: 2.334 Thread 0x0000000002db4000 Exception <a 'sun/nio/fs/WindowsException'> (0x000000076c90acd8) thrown at [C:\re\workspace\8-2-build-windows-amd64-cygwin\jdk8u201\12322\hotspot\src\share\vm\prims\jni.cpp, line 709]
Event: 2.334 Thread 0x0000000002db4000 Exception <a 'sun/nio/fs/WindowsException'> (0x000000076c90b580) thrown at [C:\re\workspace\8-2-build-windows-amd64-cygwin\jdk8u201\12322\hotspot\src\share\vm\prims\jni.cpp, line 709]
Event: 2.335 Thread 0x0000000002db4000 Exception <a 'sun/nio/fs/WindowsException'> (0x000000076c90bed0) thrown at [C:\re\workspace\8-2-build-windows-amd64-cygwin\jdk8u201\12322\hotspot\src\share\vm\prims\jni.cpp, line 709]

Events (10 events):
Event: 9.238 loading class java/lang/Thread$State
Event: 9.239 loading class java/lang/Thread$State done
Event: 9.239 loading class java/lang/Deprecated
Event: 9.239 loading class java/lang/Deprecated done
Event: 9.243 loading class java/security/DomainCombiner
Event: 9.243 loading class java/security/DomainCombiner done
Event: 9.243 loading class java/security/AccessControlException
Event: 9.243 loading class java/security/AccessControlException done
Event: 9.243 Executing VM operation: Deoptimize
Event: 9.244 Executing VM operation: Deoptimize done


Dynamic libraries:
0x00007ff7fee10000 - 0x00007ff7fee47000 	D:\jdk\bin\java.exe
0x00007ffee1b00000 - 0x00007ffee1cf0000 	C:\WINDOWS\SYSTEM32\ntdll.dll
0x00007ffee1a00000 - 0x00007ffee1ab2000 	C:\WINDOWS\System32\KERNEL32.DLL
0x00007ffedf770000 - 0x00007ffedfa13000 	C:\WINDOWS\System32\KERNELBASE.dll
0x00007ffee0550000 - 0x00007ffee05f3000 	C:\WINDOWS\System32\ADVAPI32.dll
0x00007ffee1290000 - 0x00007ffee132e000 	C:\WINDOWS\System32\msvcrt.dll
0x00007ffee1960000 - 0x00007ffee19f7000 	C:\WINDOWS\System32\sechost.dll
0x00007ffee1170000 - 0x00007ffee1290000 	C:\WINDOWS\System32\RPCRT4.dll
0x00007ffedfda0000 - 0x00007ffedff34000 	C:\WINDOWS\System32\USER32.dll
0x00007ffedf310000 - 0x00007ffedf331000 	C:\WINDOWS\System32\win32u.dll
0x00007ffee18d0000 - 0x00007ffee18f6000 	C:\WINDOWS\System32\GDI32.dll
0x00007ffedf460000 - 0x00007ffedf5f4000 	C:\WINDOWS\System32\gdi32full.dll
0x00007ffedf390000 - 0x00007ffedf42e000 	C:\WINDOWS\System32\msvcp_win.dll
0x00007ffedea90000 - 0x00007ffedeb8a000 	C:\WINDOWS\System32\ucrtbase.dll
0x00007ffecdd30000 - 0x00007ffecdfb5000 	C:\WINDOWS\WinSxS\amd64_microsoft.windows.common-controls_6595b64144ccf1df_6.0.18362.592_none_e6c0b1911312be02\COMCTL32.dll
0x00007ffee14e0000 - 0x00007ffee1816000 	C:\WINDOWS\System32\combase.dll
0x00007ffedfad0000 - 0x00007ffedfb50000 	C:\WINDOWS\System32\bcryptPrimitives.dll
0x00007ffee0880000 - 0x00007ffee08ae000 	C:\WINDOWS\System32\IMM32.DLL
0x000000005af70000 - 0x000000005b041000 	D:\jdk\jre\bin\msvcr100.dll
0x0000000059770000 - 0x000000005a014000 	D:\jdk\jre\bin\server\jvm.dll
0x00007ffedfd10000 - 0x00007ffedfd18000 	C:\WINDOWS\System32\PSAPI.DLL
0x00007ffed2e00000 - 0x00007ffed2e09000 	C:\WINDOWS\SYSTEM32\WSOCK32.dll
0x00007ffedbf40000 - 0x00007ffedbf64000 	C:\WINDOWS\SYSTEM32\WINMM.dll
0x00007ffede5c0000 - 0x00007ffede5ca000 	C:\WINDOWS\SYSTEM32\VERSION.dll
0x00007ffee1070000 - 0x00007ffee10df000 	C:\WINDOWS\System32\WS2_32.dll
0x00007ffedbf10000 - 0x00007ffedbf3d000 	C:\WINDOWS\SYSTEM32\WINMMBASE.dll
0x00007ffedf340000 - 0x00007ffedf38a000 	C:\WINDOWS\System32\cfgmgr32.dll
0x00007ffed7fa0000 - 0x00007ffed7faf000 	D:\jdk\jre\bin\verify.dll
0x00007ffed7f50000 - 0x00007ffed7f79000 	D:\jdk\jre\bin\java.dll
0x00007ffed7f00000 - 0x00007ffed7f23000 	D:\jdk\jre\bin\instrument.dll
0x00007ffed7f30000 - 0x00007ffed7f46000 	D:\jdk\jre\bin\zip.dll
0x00007ffee08b0000 - 0x00007ffee0f95000 	C:\WINDOWS\System32\SHELL32.dll
0x00007ffee1430000 - 0x00007ffee14d9000 	C:\WINDOWS\System32\shcore.dll
0x00007ffedeb90000 - 0x00007ffedf30f000 	C:\WINDOWS\System32\windows.storage.dll
0x00007ffedea70000 - 0x00007ffedea8f000 	C:\WINDOWS\System32\profapi.dll
0x00007ffede9e0000 - 0x00007ffedea2a000 	C:\WINDOWS\System32\powrprof.dll
0x00007ffede9d0000 - 0x00007ffede9e0000 	C:\WINDOWS\System32\UMPDC.dll
0x00007ffee1900000 - 0x00007ffee1952000 	C:\WINDOWS\System32\shlwapi.dll
0x00007ffedea30000 - 0x00007ffedea41000 	C:\WINDOWS\System32\kernel.appcore.dll
0x00007ffedf750000 - 0x00007ffedf767000 	C:\WINDOWS\System32\cryptsp.dll
0x00007ffed7c20000 - 0x00007ffed7c3a000 	D:\IntelliJ IDEA 2018.1.6\bin\breakgen64.dll
0x00007ffed2780000 - 0x00007ffed279a000 	D:\jdk\jre\bin\net.dll
0x00007ffed13b0000 - 0x00007ffed1586000 	C:\WINDOWS\SYSTEM32\urlmon.dll
0x00007ffed0d80000 - 0x00007ffed1026000 	C:\WINDOWS\SYSTEM32\iertutil.dll
0x00007ffede390000 - 0x00007ffede39c000 	C:\WINDOWS\SYSTEM32\CRYPTBASE.DLL
0x00007ffede1c0000 - 0x00007ffede227000 	C:\WINDOWS\system32\mswsock.dll
0x00007ffeddd30000 - 0x00007ffeddd63000 	C:\WINDOWS\system32\rsaenh.dll
0x00007ffedf430000 - 0x00007ffedf456000 	C:\WINDOWS\System32\bcrypt.dll
0x00007ffede8c0000 - 0x00007ffede8e5000 	C:\WINDOWS\SYSTEM32\USERENV.dll
0x00007ffedded0000 - 0x00007ffeddf0a000 	C:\WINDOWS\SYSTEM32\IPHLPAPI.DLL
0x00007ffee1160000 - 0x00007ffee1168000 	C:\WINDOWS\System32\NSI.dll
0x00007ffed1f30000 - 0x00007ffed1f46000 	C:\WINDOWS\SYSTEM32\dhcpcsvc6.DLL
0x00007ffed2030000 - 0x00007ffed204c000 	C:\WINDOWS\SYSTEM32\dhcpcsvc.DLL
0x00007ffeddf10000 - 0x00007ffeddfda000 	C:\WINDOWS\SYSTEM32\DNSAPI.dll
0x00007ffecf090000 - 0x00007ffecf0a1000 	D:\jdk\jre\bin\nio.dll

VM Arguments:
jvm_args: -javaagent:D:\IntelliJ IDEA 2018.1.6\lib\idea_rt.jar=3655:D:\IntelliJ IDEA 2018.1.6\bin -Dfile.encoding=UTF-8 
java_command: com.wonders.spider.AutoOpenApplyItemPage
java_class_path (initial): D:\jdk\jre\lib\charsets.jar;D:\jdk\jre\lib\deploy.jar;D:\jdk\jre\lib\ext\access-bridge-64.jar;D:\jdk\jre\lib\ext\cldrdata.jar;D:\jdk\jre\lib\ext\dnsns.jar;D:\jdk\jre\lib\ext\jaccess.jar;D:\jdk\jre\lib\ext\jfxrt.jar;D:\jdk\jre\lib\ext\localedata.jar;D:\jdk\jre\lib\ext\nashorn.jar;D:\jdk\jre\lib\ext\sunec.jar;D:\jdk\jre\lib\ext\sunjce_provider.jar;D:\jdk\jre\lib\ext\sunmscapi.jar;D:\jdk\jre\lib\ext\sunpkcs11.jar;D:\jdk\jre\lib\ext\zipfs.jar;D:\jdk\jre\lib\javaws.jar;D:\jdk\jre\lib\jce.jar;D:\jdk\jre\lib\jfr.jar;D:\jdk\jre\lib\jfxswt.jar;D:\jdk\jre\lib\jsse.jar;D:\jdk\jre\lib\management-agent.jar;D:\jdk\jre\lib\plugin.jar;D:\jdk\jre\lib\resources.jar;D:\jdk\jre\lib\rt.jar;D:\workplace\project\webchecker\checker\target\classes;D:\repository\repository\net\sourceforge\htmlunit\htmlunit\2.34.1\htmlunit-2.34.1.jar;D:\repository\repository\xalan\xalan\2.7.2\xalan-2.7.2.jar;D:\repository\repository\xalan\serializer\2.7.2\serializer-2.7.2.jar;D:\repository\repository\org\apache\commons\commons-lang3\3.8.1\commons-lang3-3.8.1.jar;D:\repository\repository\org\apache\commons\commons-text\1.6\commons-text-1.6.jar;D:\repository\repository\org\apache\httpcomponents\httpmime\4.5.7\httpmime-4.5.7.jar;D:\repository\repository\org\apache\httpcomponents\httpclient\4.5.7\httpclient-4.5.7.jar;D:\repository\repository\org\apache\httpcomponents\httpcore\4.4.11\httpcore-4.4.11.jar;D:\repository\repository\commons-codec\commons-codec\1.11\commons-codec-1.11.jar;D:\repository\repository\net\sourceforge\htmlunit\htmlunit-core-js\2.34.0\htmlunit-core-js-2.34.0.jar;D:\repository\repository\net\sourceforge\htmlunit\neko-htmlunit\2.34.0\neko-htmlunit-2.34.0.jar;D:\repository\repository\xerces\xercesImpl\2.12.0\xercesImpl-2.12.0.jar;D:\repository\repository\xml-apis\xml-apis\1.4.01\xml-apis-1.4.01.jar;D:\repository\repository\net\sourceforge\htmlunit\htmlunit-cssparser\1.3.0\htmlunit-cssparser-1.3.0.jar;D:\repository\repository\commons-logging\commons-logging\1.2\commons
Launcher Type: SUN_STANDARD

Environment Variables:
JAVA_HOME=D:\jdk
PATH=D:\Xshell\;D:\Xftp\;C:\Program Files (x86)\Common Files\Oracle\Java\javapath;C:\Windows\system32;C:\Windows;C:\Windows\System32\Wbem;C:\Windows\System32\WindowsPowerShell\v1.0\;C:\Windows\System32\OpenSSH\;D:\apache-maven-3.6.0\bin;D:\Git\cmd;D:\curl-7.65.0_1-win64-mingw\curl-7.65.0-win64-mingw\bin;D:\Microsoft VS Code\bin;D:\ndoejs\;D:\nginx-1.14.2;D:\redis\;D:\mysql\mysql-5.7.28-winx64\mysql-5.7.28-winx64\bin;D:\gradle-4.1\bin;C:\Program Files (x86)\NVIDIA Corporation\PhysX\Common;C:\Program Files\NVIDIA Corporation\NVIDIA NvDLISR;C:\WINDOWS\system32;C:\WINDOWS;C:\WINDOWS\System32\Wbem;C:\WINDOWS\System32\WindowsPowerShell\v1.0\;C:\WINDOWS\System32\OpenSSH\;D:\tortoisesvn112228653\bin;D:\python2.7;D:\jdk\bin;D:\Go1.14\bin;C:\Users\Observer\AppData\Local\Microsoft\WindowsAppsBK;D:\Fiddler;C:\Users\Observer\AppData\Local\BypassRuntm;C:\Users\Observer\AppData\Roaming\npm;C:\Users\Observer\AppData\Local\Microsoft\WindowsAppsBK;C:\Users\Observer\go\bin;D:\GoLand 2019.2.3\bin;
USERNAME=Observer
OS=Windows_NT
PROCESSOR_IDENTIFIER=Intel64 Family 6 Model 158 Stepping 10, GenuineIntel



---------------  S Y S T E M  ---------------

OS: Windows 10.0 , 64 bit Build 18362 (10.0.18362.329)

CPU:total 8 (initial active 8) (4 cores per cpu, 2 threads per core) family 6 model 158 stepping 10, cmov, cx8, fxsr, mmx, sse, sse2, sse3, ssse3, sse4.1, sse4.2, popcnt, avx, avx2, aes, clmul, erms, 3dnowpref, lzcnt, ht, tsc, tscinvbit, bmi1, bmi2, adx

Memory: 4k page, physical 16648500k(1617388k free), swap 29756220k(3848k free)

vm_info: Java HotSpot(TM) 64-Bit Server VM (25.201-b09) for windows-amd64 JRE (1.8.0_201-b09), built on Dec 15 2018 18:36:39 by "java_re" with MS VC++ 10.0 (VS2010)

time: Fri Oct 16 09:40:06 2020
timezone: 中国标准时间
elapsed time: 9 seconds (0d 0h 0m 9s)

